[0.008s] Invoking command in '/home/leeeezy/Workspace/GEEK-EGRET-FPV-SDK/Node/ORBBEC_CAMERA/build/orbbec_camera': CMAKE_PREFIX_PATH=${CMAKE_PREFIX_PATH}:/opt/ros/humble /usr/bin/cmake --build /home/leeeezy/Workspace/GEEK-EGRET-FPV-SDK/Node/ORBBEC_CAMERA/build/orbbec_camera -- -j20 -l20
[0.056s] [35m[1mConsolidate compiler generated dependencies of target orbbec_camera[0m
[0.131s] [ 50%] [32mBuilding CXX object CMakeFiles/orbbec_camera.dir/src/orbbec_camera.cpp.o[0m
[2.109s] [01m[K/home/leeeezy/Workspace/GEEK-EGRET-FPV-SDK/Node/ORBBEC_CAMERA/ORBBEC_CAMERA_ROS_WS/src/orbbec_camera.cpp:[m[K In constructor ‚Äò[01m[KOrbbecCamera::OrbbecCamera()[m[K‚Äô:
[2.109s] [01m[K/home/leeeezy/Workspace/GEEK-EGRET-FPV-SDK/Node/ORBBEC_CAMERA/ORBBEC_CAMERA_ROS_WS/src/orbbec_camera.cpp:32:14:[m[K [01;35m[Kwarning: [m[Kvariable ‚Äò[01m[Kqos[m[K‚Äô set but not used [[01;35m[K-Wunused-but-set-variable[m[K]
[2.109s]    32 |         auto [01;35m[Kqos[m[K = rclcpp::QoS(rclcpp::QoSInitialization::from_rmw(rmw_qos_profile_default));
[2.109s]       |              [01;35m[K^~~[m[K
[2.121s] [01m[K/home/leeeezy/Workspace/GEEK-EGRET-FPV-SDK/Node/ORBBEC_CAMERA/ORBBEC_CAMERA_ROS_WS/src/orbbec_camera.cpp:[m[K In member function ‚Äò[01m[Kvoid OrbbecCamera::get_rgb_image(std::shared_ptr<ob::FrameSet>)[m[K‚Äô:
[2.121s] [01m[K/home/leeeezy/Workspace/GEEK-EGRET-FPV-SDK/Node/ORBBEC_CAMERA/ORBBEC_CAMERA_ROS_WS/src/orbbec_camera.cpp:226:98:[m[K [01;31m[Kerror: [m[Kinvalid use of non-static member function ‚Äò[01m[Kint cv::Mat::type() const[m[K‚Äô
[2.121s]   226 | [01;31m[Kmage.rows << " " << rgb_image.step << " " << rgb_image.type[m[K << std::endl;
[2.121s]       | [01;31m[K~~~~~~~~~~~~~~~~~~~~~~~~~~~~~~~~~~~~~~~~~~^~~~~~~~~~~~~~~~~[m[K
[2.121s] 
[2.121s] In file included from [01m[K/usr/local/opencv-4.5.5/include/opencv4/opencv2/core/mat.hpp:3764[m[K,
[2.121s]                  from [01m[K/usr/local/opencv-4.5.5/include/opencv4/opencv2/core.hpp:58[m[K,
[2.121s]                  from [01m[K/usr/local/opencv-4.5.5/include/opencv4/opencv2/opencv.hpp:52[m[K,
[2.121s]                  from [01m[K/home/leeeezy/Workspace/GEEK-EGRET-FPV-SDK/Node/ORBBEC_CAMERA/ORBBEC_CAMERA_ROS_WS/src/orbbec_camera.cpp:9[m[K:
[2.121s] [01m[K/usr/local/opencv-4.5.5/include/opencv4/opencv2/core/mat.inl.hpp:681:5:[m[K [01;36m[Knote: [m[Kdeclared here
[2.121s]   681 | int [01;36m[KMat[m[K::type() const
[2.121s]       |     [01;36m[K^~~[m[K
[2.121s] [01m[K/home/leeeezy/Workspace/GEEK-EGRET-FPV-SDK/Node/ORBBEC_CAMERA/ORBBEC_CAMERA_ROS_WS/src/orbbec_camera.cpp:[m[K In member function ‚Äò[01m[Kvoid OrbbecCamera::get_depth_image(std::shared_ptr<ob::FrameSet>)[m[K‚Äô:
[2.121s] [01m[K/home/leeeezy/Workspace/GEEK-EGRET-FPV-SDK/Node/ORBBEC_CAMERA/ORBBEC_CAMERA_ROS_WS/src/orbbec_camera.cpp:302:56:[m[K [01;35m[Kwarning: [m[Kunused parameter ‚Äò[01m[Kframe_set[m[K‚Äô [[01;35m[K-Wunused-parameter[m[K]
[2.121s]   302 | _depth_image([01;35m[Kstd::shared_ptr<ob::FrameSet> frame_set[m[K)
[2.121s]       |              [01;35m[K~~~~~~~~~~~~~~~~~~~~~~~~~~~~~~^~~~~~~~~[m[K
[2.121s] 
[2.127s] In file included from [01m[K/opt/ros/humble/include/rclcpp/rclcpp/logging.hpp:24[m[K,
[2.127s]                  from [01m[K/opt/ros/humble/include/rclcpp/rclcpp/client.hpp:40[m[K,
[2.127s]                  from [01m[K/opt/ros/humble/include/rclcpp/rclcpp/callback_group.hpp:24[m[K,
[2.127s]                  from [01m[K/opt/ros/humble/include/rclcpp/rclcpp/any_executable.hpp:20[m[K,
[2.128s]                  from [01m[K/opt/ros/humble/include/rclcpp/rclcpp/memory_strategy.hpp:25[m[K,
[2.128s]                  from [01m[K/opt/ros/humble/include/rclcpp/rclcpp/memory_strategies.hpp:18[m[K,
[2.128s]                  from [01m[K/opt/ros/humble/include/rclcpp/rclcpp/executor_options.hpp:20[m[K,
[2.128s]                  from [01m[K/opt/ros/humble/include/rclcpp/rclcpp/executor.hpp:37[m[K,
[2.128s]                  from [01m[K/opt/ros/humble/include/rclcpp/rclcpp/executors/multi_threaded_executor.hpp:25[m[K,
[2.128s]                  from [01m[K/opt/ros/humble/include/rclcpp/rclcpp/executors.hpp:21[m[K,
[2.128s]                  from [01m[K/opt/ros/humble/include/rclcpp/rclcpp/rclcpp.hpp:155[m[K,
[2.128s]                  from [01m[K/home/leeeezy/Workspace/GEEK-EGRET-FPV-SDK/Node/ORBBEC_CAMERA/ORBBEC_CAMERA_ROS_WS/src/orbbec_camera.cpp:7[m[K:
[2.128s] [01m[K/home/leeeezy/Workspace/GEEK-EGRET-FPV-SDK/Node/ORBBEC_CAMERA/ORBBEC_CAMERA_ROS_WS/src/orbbec_camera.cpp:[m[K In member function ‚Äò[01m[Kvoid OrbbecCamera::get_cloud_point(std::shared_ptr<ob::FrameSet>)[m[K‚Äô:
[2.128s] [01m[K/home/leeeezy/Workspace/GEEK-EGRET-FPV-SDK/Node/ORBBEC_CAMERA/ORBBEC_CAMERA_ROS_WS/src/orbbec_camera.cpp:446:46:[m[K [01;35m[Kwarning: [m[Kformat ‚Äò[01m[K%d[m[K‚Äô expects argument of type ‚Äò[01m[Kint[m[K‚Äô, but argument 5 has type ‚Äò[01m[Kstd::vector<OBPoint>::size_type[m[K‚Äô {aka ‚Äò[01m[Klong unsigned int[m[K‚Äô} [[01;35m[K-Wformat=[m[K]
[2.128s]   446 |          RCLCPP_DEBUG(this->get_logger(), [01;35m[K"ÂèëÂ∏ÉÁÇπ‰∫ëÔºåÁÇπÊï∞: %d"[m[K, [32m[KvalidPoints.size()[m[K);
[2.128s]       |                                           [01;35m[K^~~~~~~~~~~~~~~~~~~~[m[K  [32m[K~~~~~~~~~~~~~~~~~~[m[K
[2.128s]       |                                                                                 [32m[K|[m[K
[2.128s]       |                                                                                 [32m[Kstd::vector<OBPoint>::size_type {aka long unsigned int}[m[K
[2.128s] 
[2.128s] [01m[K/home/leeeezy/Workspace/GEEK-EGRET-FPV-SDK/Node/ORBBEC_CAMERA/ORBBEC_CAMERA_ROS_WS/src/orbbec_camera.cpp:446:64:[m[K [01;36m[Knote: [m[Kformat string is defined here
[2.128s]   446 | BUG(this->get_logger(), "ÂèëÂ∏ÉÁÇπ‰∫ëÔºåÁÇπÊï∞: [01;36m[K%d[m[K", validPoints.size());
[2.128s]       |                                          [01;36m[K~^[m[K
[2.128s]       |                                           [01;36m[K|[m[K
[2.128s]       |                                           [01;36m[Kint[m[K
[2.128s]       |                                          [32m[K%ld[m[K
[3.390s] gmake[2]: *** [CMakeFiles/orbbec_camera.dir/build.make:76: CMakeFiles/orbbec_camera.dir/src/orbbec_camera.cpp.o] Error 1
[3.390s] gmake[1]: *** [CMakeFiles/Makefile2:137: CMakeFiles/orbbec_camera.dir/all] Error 2
[3.391s] gmake: *** [Makefile:146: all] Error 2
[3.392s] Invoked command in '/home/leeeezy/Workspace/GEEK-EGRET-FPV-SDK/Node/ORBBEC_CAMERA/build/orbbec_camera' returned '2': CMAKE_PREFIX_PATH=${CMAKE_PREFIX_PATH}:/opt/ros/humble /usr/bin/cmake --build /home/leeeezy/Workspace/GEEK-EGRET-FPV-SDK/Node/ORBBEC_CAMERA/build/orbbec_camera -- -j20 -l20
