[0.007s] Invoking command in '/home/leeeezy/Workspace/GEEK-EGRET-FPV-SDK/Node/OrbbecCamera/build/orbbec_camera': CMAKE_PREFIX_PATH=/opt/ros/humble /usr/bin/cmake /home/leeeezy/Workspace/GEEK-EGRET-FPV-SDK/Node/OrbbecCamera/Workspace -DCMAKE_INSTALL_PREFIX=/home/leeeezy/Workspace/GEEK-EGRET-FPV-SDK/Node/OrbbecCamera/install/orbbec_camera
[0.147s] -- The C compiler identification is GNU 11.4.0
[0.209s] -- The CXX compiler identification is GNU 11.4.0
[0.214s] -- Detecting C compiler ABI info
[0.266s] -- Detecting C compiler ABI info - done
[0.271s] -- Check for working C compiler: /usr/bin/cc - skipped
[0.271s] -- Detecting C compile features
[0.271s] -- Detecting C compile features - done
[0.273s] -- Detecting CXX compiler ABI info
[0.352s] -- Detecting CXX compiler ABI info - done
[0.357s] -- Check for working CXX compiler: /usr/bin/c++ - skipped
[0.357s] -- Detecting CXX compile features
[0.358s] -- Detecting CXX compile features - done
[0.359s] -- Found ament_cmake: 1.3.12 (/opt/ros/humble/share/ament_cmake/cmake)
[0.487s] -- Found Python3: /usr/bin/python3 (found version "3.10.12") found components: Interpreter 
[0.549s] -- Found rclcpp: 16.0.17 (/opt/ros/humble/share/rclcpp/cmake)
[0.577s] -- Found rosidl_generator_c: 3.1.8 (/opt/ros/humble/share/rosidl_generator_c/cmake)
[0.579s] -- Found rosidl_adapter: 3.1.8 (/opt/ros/humble/share/rosidl_adapter/cmake)
[0.584s] -- Found rosidl_generator_cpp: 3.1.8 (/opt/ros/humble/share/rosidl_generator_cpp/cmake)
[0.592s] -- Using all available rosidl_typesupport_c: rosidl_typesupport_fastrtps_c;rosidl_typesupport_introspection_c
[0.602s] -- Using all available rosidl_typesupport_cpp: rosidl_typesupport_fastrtps_cpp;rosidl_typesupport_introspection_cpp
[0.628s] -- Found rmw_implementation_cmake: 6.1.2 (/opt/ros/humble/share/rmw_implementation_cmake/cmake)
[0.629s] -- Found rmw_fastrtps_cpp: 6.2.9 (/opt/ros/humble/share/rmw_fastrtps_cpp/cmake)
[0.750s] -- Found OpenSSL: /usr/lib/x86_64-linux-gnu/libcrypto.so (found version "3.0.2")  
[0.780s] -- Found FastRTPS: /opt/ros/humble/include  
[0.816s] -- Using RMW implementation 'rmw_fastrtps_cpp' as default
[0.821s] -- Looking for pthread.h
[0.964s] -- Looking for pthread.h - found
[0.964s] -- Performing Test CMAKE_HAVE_LIBC_PTHREAD
[1.026s] -- Performing Test CMAKE_HAVE_LIBC_PTHREAD - Success
[1.026s] -- Found Threads: TRUE  
[1.062s] -- Found geometry_msgs: 4.9.0 (/opt/ros/humble/share/geometry_msgs/cmake)
[1.071s] -- Found sensor_msgs: 4.9.0 (/opt/ros/humble/share/sensor_msgs/cmake)
[1.088s] -- Found OpenCV: /usr/local/opencv-4.10.0 (found suitable version "4.10.0", minimum required is "4.5") 
[1.088s] -- Found tf2_ros: 0.25.18 (/opt/ros/humble/share/tf2_ros/cmake)
[1.154s] -- Found ament_lint_auto: 0.12.14 (/opt/ros/humble/share/ament_lint_auto/cmake)
[1.229s] -- Added test 'cppcheck' to perform static code analysis on C / C++ code
[1.229s] -- Configured cppcheck include dirs: /home/leeeezy/Workspace/GEEK-EGRET-FPV-SDK/Node/OrbbecCamera/Workspace/../../../Thirdparty/OrbbecSDK/include;/home/leeeezy/Workspace/GEEK-EGRET-FPV-SDK/Node/OrbbecCamera/Workspace/../../../Thirdparty/OrbbecBridge
[1.230s] -- Configured cppcheck exclude dirs and/or files: 
[1.231s] -- Added test 'lint_cmake' to check CMake code style
[1.234s] -- Added test 'uncrustify' to check C / C++ code style
[1.234s] -- Configured uncrustify additional arguments: 
[1.235s] -- Added test 'xmllint' to check XML markup files
[1.237s] -- Configuring done
[1.247s] -- Generating done
[1.250s] -- Build files have been written to: /home/leeeezy/Workspace/GEEK-EGRET-FPV-SDK/Node/OrbbecCamera/build/orbbec_camera
[1.257s] Invoked command in '/home/leeeezy/Workspace/GEEK-EGRET-FPV-SDK/Node/OrbbecCamera/build/orbbec_camera' returned '0': CMAKE_PREFIX_PATH=/opt/ros/humble /usr/bin/cmake /home/leeeezy/Workspace/GEEK-EGRET-FPV-SDK/Node/OrbbecCamera/Workspace -DCMAKE_INSTALL_PREFIX=/home/leeeezy/Workspace/GEEK-EGRET-FPV-SDK/Node/OrbbecCamera/install/orbbec_camera
[1.259s] Invoking command in '/home/leeeezy/Workspace/GEEK-EGRET-FPV-SDK/Node/OrbbecCamera/build/orbbec_camera': CMAKE_PREFIX_PATH=/opt/ros/humble /usr/bin/cmake --build /home/leeeezy/Workspace/GEEK-EGRET-FPV-SDK/Node/OrbbecCamera/build/orbbec_camera -- -j20 -l20
[1.306s] [ 50%] [32mBuilding CXX object CMakeFiles/orbbec_camera.dir/src/orbbec_camera.cpp.o[0m
[3.361s] [01m[K/home/leeeezy/Workspace/GEEK-EGRET-FPV-SDK/Node/OrbbecCamera/Workspace/src/orbbec_camera.cpp:[m[K In constructor ‚Äò[01m[KOrbbecCamera::OrbbecCamera()[m[K‚Äô:
[3.361s] [01m[K/home/leeeezy/Workspace/GEEK-EGRET-FPV-SDK/Node/OrbbecCamera/Workspace/src/orbbec_camera.cpp:28:14:[m[K [01;35m[Kwarning: [m[Kvariable ‚Äò[01m[Kqos[m[K‚Äô set but not used [[01;35m[K-Wunused-but-set-variable[m[K]
[3.361s]    28 |         auto [01;35m[Kqos[m[K = rclcpp::QoS(rclcpp::QoSInitialization::from_rmw(rmw_qos_profile_default));
[3.362s]       |              [01;35m[K^~~[m[K
[3.362s] [01m[K/home/leeeezy/Workspace/GEEK-EGRET-FPV-SDK/Node/OrbbecCamera/Workspace/src/orbbec_camera.cpp:[m[K In member function ‚Äò[01m[Kvoid OrbbecCamera::init_camera()[m[K‚Äô:
[3.362s] [01m[K/home/leeeezy/Workspace/GEEK-EGRET-FPV-SDK/Node/OrbbecCamera/Workspace/src/orbbec_camera.cpp:79:62:[m[K [01;31m[Kerror: [m[Kno matching function for call to ‚Äò[01m[KCamera::Camera(bool, int, int, OBFormat, int, bool, int, int, OBFormat, int, bool, int, int, OBFormat, int)[m[K‚Äô
[3.362s]    79 |                             true, 640, 480, OB_FORMAT_Y12, 60[01;31m[K)[m[K;
[3.362s]       |                                                              [01;31m[K^[m[K
[3.362s] In file included from [01m[K/home/leeeezy/Workspace/GEEK-EGRET-FPV-SDK/Node/OrbbecCamera/Workspace/src/orbbec_camera.cpp:19[m[K:
[3.362s] [01m[K/home/leeeezy/Workspace/GEEK-EGRET-FPV-SDK/Node/OrbbecCamera/Workspace/../../../Thirdparty/OrbbecBridge/orbbec_bridge.h:30:5:[m[K [01;36m[Knote: [m[Kcandidate: ‚Äò[01m[KCamera::Camera(bool, bool, bool)[m[K‚Äô
[3.362s]    30 |     [01;36m[KCamera[m[K(bool color, bool IR, bool depth);
[3.362s]       |     [01;36m[K^~~~~~[m[K
[3.362s] [01m[K/home/leeeezy/Workspace/GEEK-EGRET-FPV-SDK/Node/OrbbecCamera/Workspace/../../../Thirdparty/OrbbecBridge/orbbec_bridge.h:30:5:[m[K [01;36m[Knote: [m[K  candidate expects 3 arguments, 15 provided
[3.362s] [01m[K/home/leeeezy/Workspace/GEEK-EGRET-FPV-SDK/Node/OrbbecCamera/Workspace/../../../Thirdparty/OrbbecBridge/orbbec_bridge.h:8:7:[m[K [01;36m[Knote: [m[Kcandidate: ‚Äò[01m[KCamera::Camera(const Camera&)[m[K‚Äô
[3.363s]     8 | class [01;36m[KCamera[m[K {
[3.363s]       |       [01;36m[K^~~~~~[m[K
[3.363s] [01m[K/home/leeeezy/Workspace/GEEK-EGRET-FPV-SDK/Node/OrbbecCamera/Workspace/../../../Thirdparty/OrbbecBridge/orbbec_bridge.h:8:7:[m[K [01;36m[Knote: [m[K  candidate expects 1 argument, 15 provided
[3.384s] In file included from [01m[K/opt/ros/humble/include/rclcpp/rclcpp/logging.hpp:24[m[K,
[3.384s]                  from [01m[K/opt/ros/humble/include/rclcpp/rclcpp/client.hpp:40[m[K,
[3.384s]                  from [01m[K/opt/ros/humble/include/rclcpp/rclcpp/callback_group.hpp:24[m[K,
[3.384s]                  from [01m[K/opt/ros/humble/include/rclcpp/rclcpp/any_executable.hpp:20[m[K,
[3.384s]                  from [01m[K/opt/ros/humble/include/rclcpp/rclcpp/memory_strategy.hpp:25[m[K,
[3.384s]                  from [01m[K/opt/ros/humble/include/rclcpp/rclcpp/memory_strategies.hpp:18[m[K,
[3.384s]                  from [01m[K/opt/ros/humble/include/rclcpp/rclcpp/executor_options.hpp:20[m[K,
[3.384s]                  from [01m[K/opt/ros/humble/include/rclcpp/rclcpp/executor.hpp:37[m[K,
[3.384s]                  from [01m[K/opt/ros/humble/include/rclcpp/rclcpp/executors/multi_threaded_executor.hpp:25[m[K,
[3.384s]                  from [01m[K/opt/ros/humble/include/rclcpp/rclcpp/executors.hpp:21[m[K,
[3.384s]                  from [01m[K/opt/ros/humble/include/rclcpp/rclcpp/rclcpp.hpp:155[m[K,
[3.384s]                  from [01m[K/home/leeeezy/Workspace/GEEK-EGRET-FPV-SDK/Node/OrbbecCamera/Workspace/src/orbbec_camera.cpp:7[m[K:
[3.384s] [01m[K/home/leeeezy/Workspace/GEEK-EGRET-FPV-SDK/Node/OrbbecCamera/Workspace/src/orbbec_camera.cpp:[m[K In member function ‚Äò[01m[Kvoid OrbbecCamera::get_cloud_point(std::shared_ptr<ob::FrameSet>)[m[K‚Äô:
[3.384s] [01m[K/home/leeeezy/Workspace/GEEK-EGRET-FPV-SDK/Node/OrbbecCamera/Workspace/src/orbbec_camera.cpp:418:46:[m[K [01;35m[Kwarning: [m[Kformat ‚Äò[01m[K%d[m[K‚Äô expects argument of type ‚Äò[01m[Kint[m[K‚Äô, but argument 5 has type ‚Äò[01m[Kstd::vector<OBPoint>::size_type[m[K‚Äô {aka ‚Äò[01m[Klong unsigned int[m[K‚Äô} [[01;35m[K-Wformat=[m[K]
[3.384s]   418 |             RCLCPP_DEBUG(this->get_logger(), [01;35m[K"ÂèëÂ∏ÉÁÇπ‰∫ëÔºåÁÇπÊï∞: %d"[m[K, [32m[KvalidPoints.size()[m[K);
[3.384s]       |                                              [01;35m[K^~~~~~~~~~~~~~~~~~~~[m[K  [32m[K~~~~~~~~~~~~~~~~~~[m[K
[3.384s]       |                                                                                    [32m[K|[m[K
[3.384s]       |                                                                                    [32m[Kstd::vector<OBPoint>::size_type {aka long unsigned int}[m[K
[3.385s] [01m[K/home/leeeezy/Workspace/GEEK-EGRET-FPV-SDK/Node/OrbbecCamera/Workspace/src/orbbec_camera.cpp:418:64:[m[K [01;36m[Knote: [m[Kformat string is defined here
[3.385s]   418 |          RCLCPP_DEBUG(this->get_logger(), "ÂèëÂ∏ÉÁÇπ‰∫ëÔºåÁÇπÊï∞: [01;36m[K%d[m[K", validPoints.size());
[3.385s]       |                                                            [01;36m[K~^[m[K
[3.385s]       |                                                             [01;36m[K|[m[K
[3.385s]       |                                                             [01;36m[Kint[m[K
[3.385s]       |                                                            [32m[K%ld[m[K
[4.641s] gmake[2]: *** [CMakeFiles/orbbec_camera.dir/build.make:76: CMakeFiles/orbbec_camera.dir/src/orbbec_camera.cpp.o] Error 1
[4.642s] gmake[1]: *** [CMakeFiles/Makefile2:137: CMakeFiles/orbbec_camera.dir/all] Error 2
[4.643s] gmake: *** [Makefile:146: all] Error 2
[4.653s] Invoked command in '/home/leeeezy/Workspace/GEEK-EGRET-FPV-SDK/Node/OrbbecCamera/build/orbbec_camera' returned '2': CMAKE_PREFIX_PATH=/opt/ros/humble /usr/bin/cmake --build /home/leeeezy/Workspace/GEEK-EGRET-FPV-SDK/Node/OrbbecCamera/build/orbbec_camera -- -j20 -l20
