<?xml version="1.0" encoding="UTF-8"?>
<Site BuildName="(empty)"
	BuildStamp="20260208-0541-Experimental"
	Name="leeeezy"
	Generator="ctest-3.28.3"
	CompilerName="/usr/bin/g++"
	CompilerVersion="13.3.0"
	OSName="Linux"
	Hostname="leeeezy"
	OSRelease="6.14.0-37-generic"
	OSVersion="#37~24.04.1-Ubuntu SMP PREEMPT_DYNAMIC Thu Nov 20 10:25:38 UTC 2"
	OSPlatform="x86_64"
	Is64Bits="1"
	VendorString="GenuineIntel"
	VendorID="Intel Corporation"
	FamilyID="6"
	ModelID="142"
	ProcessorCacheSize="8192"
	NumberOfLogicalCPU="8"
	NumberOfPhysicalCPU="4"
	TotalVirtualMemory="4095"
	TotalPhysicalMemory="7663"
	LogicalProcessorsPerPhysical="2"
	ProcessorClockFrequency="2800.01"
	>
	<Testing>
		<StartDateTime>Feb 08 15:12 CST</StartDateTime>
		<StartTestTime>1770534737</StartTestTime>
		<TestList/>
		<EndDateTime>Feb 08 15:12 CST</EndDateTime>
		<EndTestTime>1770534737</EndTestTime>
		<ElapsedMinutes>0</ElapsedMinutes>
	</Testing>
</Site>
