[0.000000] (-) TimerEvent: {}
[0.000551] (orbslam3) JobQueued: {'identifier': 'orbslam3', 'dependencies': OrderedDict()}
[0.000661] (orbslam3) JobStarted: {'identifier': 'orbslam3'}
[0.006169] (orbslam3) JobProgress: {'identifier': 'orbslam3', 'progress': 'cmake'}
[0.006576] (orbslam3) Command: {'cmd': ['/usr/bin/cmake', '/home/leeeezy/Workspace/GEEK-EGRET-FPV-SDK/Node/ORB_SLAM/ORB_SLAM_ROS2_WS', '-DCMAKE_INSTALL_PREFIX=/home/leeeezy/Workspace/GEEK-EGRET-FPV-SDK/Node/ORB_SLAM/ORB_SLAM_ROS2_WS/install/orbslam3'], 'cwd': '/home/leeeezy/Workspace/GEEK-EGRET-FPV-SDK/Node/ORB_SLAM/ORB_SLAM_ROS2_WS/build/orbslam3', 'env': OrderedDict([('HOSTNAME', 'Leeeezy'), ('SHLVL', '1'), ('LD_LIBRARY_PATH', '/opt/ros/humble/opt/rviz_ogre_vendor/lib:/opt/ros/humble/lib/x86_64-linux-gnu:/opt/ros/humble/lib'), ('HOME', '/home/leeeezy'), ('OLDPWD', '/home/leeeezy/Workspace/GEEK-EGRET-FPV-SDK/Node/ORB_SLAM'), ('ROS_PYTHON_VERSION', '3'), ('LC_CTYPE', 'C.UTF-8'), ('ROS_DISTRO', 'humble'), ('_', '/usr/bin/colcon'), ('ROS_VERSION', '2'), ('TERM', 'xterm'), ('ROS_LOCALHOST_ONLY', '0'), ('QT_X11_NO_MITSHM', '1'), ('PATH', '/opt/ros/humble/bin:/usr/local/sbin:/usr/local/bin:/usr/sbin:/usr/bin:/sbin:/bin'), ('DISPLAY', ':1'), ('LS_COLORS', 'rs=0:di=01;34:ln=01;36:mh=00:pi=40;33:so=01;35:do=01;35:bd=40;33;01:cd=40;33;01:or=40;31;01:mi=00:su=37;41:sg=30;43:ca=30;41:tw=30;42:ow=34;42:st=37;44:ex=01;32:*.tar=01;31:*.tgz=01;31:*.arc=01;31:*.arj=01;31:*.taz=01;31:*.lha=01;31:*.lz4=01;31:*.lzh=01;31:*.lzma=01;31:*.tlz=01;31:*.txz=01;31:*.tzo=01;31:*.t7z=01;31:*.zip=01;31:*.z=01;31:*.dz=01;31:*.gz=01;31:*.lrz=01;31:*.lz=01;31:*.lzo=01;31:*.xz=01;31:*.zst=01;31:*.tzst=01;31:*.bz2=01;31:*.bz=01;31:*.tbz=01;31:*.tbz2=01;31:*.tz=01;31:*.deb=01;31:*.rpm=01;31:*.jar=01;31:*.war=01;31:*.ear=01;31:*.sar=01;31:*.rar=01;31:*.alz=01;31:*.ace=01;31:*.zoo=01;31:*.cpio=01;31:*.7z=01;31:*.rz=01;31:*.cab=01;31:*.wim=01;31:*.swm=01;31:*.dwm=01;31:*.esd=01;31:*.jpg=01;35:*.jpeg=01;35:*.mjpg=01;35:*.mjpeg=01;35:*.gif=01;35:*.bmp=01;35:*.pbm=01;35:*.pgm=01;35:*.ppm=01;35:*.tga=01;35:*.xbm=01;35:*.xpm=01;35:*.tif=01;35:*.tiff=01;35:*.png=01;35:*.svg=01;35:*.svgz=01;35:*.mng=01;35:*.pcx=01;35:*.mov=01;35:*.mpg=01;35:*.mpeg=01;35:*.m2v=01;35:*.mkv=01;35:*.webm=01;35:*.webp=01;35:*.ogm=01;35:*.mp4=01;35:*.m4v=01;35:*.mp4v=01;35:*.vob=01;35:*.qt=01;35:*.nuv=01;35:*.wmv=01;35:*.asf=01;35:*.rm=01;35:*.rmvb=01;35:*.flc=01;35:*.avi=01;35:*.fli=01;35:*.flv=01;35:*.gl=01;35:*.dl=01;35:*.xcf=01;35:*.xwd=01;35:*.yuv=01;35:*.cgm=01;35:*.emf=01;35:*.ogv=01;35:*.ogx=01;35:*.aac=00;36:*.au=00;36:*.flac=00;36:*.m4a=00;36:*.mid=00;36:*.midi=00;36:*.mka=00;36:*.mp3=00;36:*.mpc=00;36:*.ogg=00;36:*.ra=00;36:*.wav=00;36:*.oga=00;36:*.opus=00;36:*.spx=00;36:*.xspf=00;36:'), ('AMENT_PREFIX_PATH', '/opt/ros/humble'), ('DEBIAN_FRONTEND', 'noninteractive'), ('PWD', '/home/leeeezy/Workspace/GEEK-EGRET-FPV-SDK/Node/ORB_SLAM/ORB_SLAM_ROS2_WS/build/orbslam3'), ('PYTHONPATH', '/opt/ros/humble/lib/python3.10/site-packages:/opt/ros/humble/local/lib/python3.10/dist-packages'), ('COLCON', '1'), ('CMAKE_PREFIX_PATH', '/opt/ros/humble')]), 'shell': False}
[0.099920] (-) TimerEvent: {}
[0.137077] (orbslam3) StdoutLine: {'line': b'-- The C compiler identification is GNU 11.4.0\n'}
[0.200176] (-) TimerEvent: {}
[0.228582] (orbslam3) StdoutLine: {'line': b'-- The CXX compiler identification is GNU 11.4.0\n'}
[0.234040] (orbslam3) StdoutLine: {'line': b'-- Detecting C compiler ABI info\n'}
[0.300353] (-) TimerEvent: {}
[0.334373] (orbslam3) StdoutLine: {'line': b'-- Detecting C compiler ABI info - done\n'}
[0.340360] (orbslam3) StdoutLine: {'line': b'-- Check for working C compiler: /usr/bin/cc - skipped\n'}
[0.340551] (orbslam3) StdoutLine: {'line': b'-- Detecting C compile features\n'}
[0.340800] (orbslam3) StdoutLine: {'line': b'-- Detecting C compile features - done\n'}
[0.342896] (orbslam3) StdoutLine: {'line': b'-- Detecting CXX compiler ABI info\n'}
[0.400424] (-) TimerEvent: {}
[0.420365] (orbslam3) StdoutLine: {'line': b'-- Detecting CXX compiler ABI info - done\n'}
[0.425457] (orbslam3) StdoutLine: {'line': b'-- Check for working CXX compiler: /usr/bin/c++ - skipped\n'}
[0.425603] (orbslam3) StdoutLine: {'line': b'-- Detecting CXX compile features\n'}
[0.425940] (orbslam3) StdoutLine: {'line': b'-- Detecting CXX compile features - done\n'}
[0.427556] (orbslam3) StdoutLine: {'line': b'-- Found ament_cmake: 1.3.12 (/opt/ros/humble/share/ament_cmake/cmake)\n'}
[0.500537] (-) TimerEvent: {}
[0.584031] (orbslam3) StdoutLine: {'line': b'-- Found Python3: /usr/bin/python3 (found version "3.10.12") found components: Interpreter \n'}
[0.600648] (-) TimerEvent: {}
[0.656585] (orbslam3) StdoutLine: {'line': b'-- Found rclcpp: 16.0.17 (/opt/ros/humble/share/rclcpp/cmake)\n'}
[0.682041] (orbslam3) StdoutLine: {'line': b'-- Found rosidl_generator_c: 3.1.8 (/opt/ros/humble/share/rosidl_generator_c/cmake)\n'}
[0.684598] (orbslam3) StdoutLine: {'line': b'-- Found rosidl_adapter: 3.1.8 (/opt/ros/humble/share/rosidl_adapter/cmake)\n'}
[0.689637] (orbslam3) StdoutLine: {'line': b'-- Found rosidl_generator_cpp: 3.1.8 (/opt/ros/humble/share/rosidl_generator_cpp/cmake)\n'}
[0.697000] (orbslam3) StdoutLine: {'line': b'-- Using all available rosidl_typesupport_c: rosidl_typesupport_fastrtps_c;rosidl_typesupport_introspection_c\n'}
[0.700703] (-) TimerEvent: {}
[0.706556] (orbslam3) StdoutLine: {'line': b'-- Using all available rosidl_typesupport_cpp: rosidl_typesupport_fastrtps_cpp;rosidl_typesupport_introspection_cpp\n'}
[0.732500] (orbslam3) StdoutLine: {'line': b'-- Found rmw_implementation_cmake: 6.1.2 (/opt/ros/humble/share/rmw_implementation_cmake/cmake)\n'}
[0.733922] (orbslam3) StdoutLine: {'line': b'-- Found rmw_fastrtps_cpp: 6.2.9 (/opt/ros/humble/share/rmw_fastrtps_cpp/cmake)\n'}
[0.800837] (-) TimerEvent: {}
[0.835515] (orbslam3) StdoutLine: {'line': b'-- Found OpenSSL: /usr/lib/x86_64-linux-gnu/libcrypto.so (found version "3.0.2")  \n'}
[0.866111] (orbslam3) StdoutLine: {'line': b'-- Found FastRTPS: /opt/ros/humble/include  \n'}
[0.901090] (-) TimerEvent: {}
[0.913160] (orbslam3) StdoutLine: {'line': b"-- Using RMW implementation 'rmw_fastrtps_cpp' as default\n"}
[0.917975] (orbslam3) StdoutLine: {'line': b'-- Looking for pthread.h\n'}
[1.001271] (-) TimerEvent: {}
[1.079311] (orbslam3) StdoutLine: {'line': b'-- Looking for pthread.h - found\n'}
[1.079553] (orbslam3) StdoutLine: {'line': b'-- Performing Test CMAKE_HAVE_LIBC_PTHREAD\n'}
[1.101404] (-) TimerEvent: {}
[1.143691] (orbslam3) StdoutLine: {'line': b'-- Performing Test CMAKE_HAVE_LIBC_PTHREAD - Success\n'}
[1.144648] (orbslam3) StdoutLine: {'line': b'-- Found Threads: TRUE  \n'}
[1.179197] (orbslam3) StdoutLine: {'line': b'-- Found geometry_msgs: 4.9.0 (/opt/ros/humble/share/geometry_msgs/cmake)\n'}
[1.187826] (orbslam3) StdoutLine: {'line': b'-- Found sensor_msgs: 4.9.0 (/opt/ros/humble/share/sensor_msgs/cmake)\n'}
[1.201592] (-) TimerEvent: {}
[1.206704] (orbslam3) StdoutLine: {'line': b'-- Found OpenCV: /usr/local/opencv-4.5.5 (found suitable version "4.5.5", minimum required is "4.0") \n'}
[1.208161] (orbslam3) StdoutLine: {'line': b'-- Found tf2_ros: 0.25.18 (/opt/ros/humble/share/tf2_ros/cmake)\n'}
[1.278992] (orbslam3) StdoutLine: {'line': b'-- Found cv_bridge: 3.2.1 (/opt/ros/humble/share/cv_bridge/cmake)\n'}
[1.282772] (orbslam3) StdoutLine: {'line': b'-- Found ament_lint_auto: 0.12.14 (/opt/ros/humble/share/ament_lint_auto/cmake)\n'}
[1.301808] (-) TimerEvent: {}
[1.402216] (-) TimerEvent: {}
[1.441419] (orbslam3) StdoutLine: {'line': b"-- Added test 'cppcheck' to perform static code analysis on C / C++ code\n"}
[1.442064] (orbslam3) StdoutLine: {'line': b'-- Configured cppcheck include dirs: /home/leeeezy/Workspace/GEEK-EGRET-FPV-SDK/Node/ORB_SLAM/ORB_SLAM_ROS2_WS/include\n'}
[1.442187] (orbslam3) StdoutLine: {'line': b'-- Configured cppcheck exclude dirs and/or files: \n'}
[1.445529] (orbslam3) StdoutLine: {'line': b"-- Added test 'lint_cmake' to check CMake code style\n"}
[1.451523] (orbslam3) StdoutLine: {'line': b"-- Added test 'uncrustify' to check C / C++ code style\n"}
[1.451609] (orbslam3) StdoutLine: {'line': b'-- Configured uncrustify additional arguments: \n'}
[1.452299] (orbslam3) StdoutLine: {'line': b"-- Added test 'xmllint' to check XML markup files\n"}
[1.454944] (orbslam3) StdoutLine: {'line': b'-- Configuring done\n'}
[1.467727] (orbslam3) StdoutLine: {'line': b'-- Generating done\n'}
[1.471250] (orbslam3) StdoutLine: {'line': b'-- Build files have been written to: /home/leeeezy/Workspace/GEEK-EGRET-FPV-SDK/Node/ORB_SLAM/ORB_SLAM_ROS2_WS/build/orbslam3\n'}
[1.478561] (orbslam3) CommandEnded: {'returncode': 0}
[1.478869] (orbslam3) JobProgress: {'identifier': 'orbslam3', 'progress': 'build'}
[1.479436] (orbslam3) Command: {'cmd': ['/usr/bin/cmake', '--build', '/home/leeeezy/Workspace/GEEK-EGRET-FPV-SDK/Node/ORB_SLAM/ORB_SLAM_ROS2_WS/build/orbslam3', '--', '-j20', '-l20'], 'cwd': '/home/leeeezy/Workspace/GEEK-EGRET-FPV-SDK/Node/ORB_SLAM/ORB_SLAM_ROS2_WS/build/orbslam3', 'env': OrderedDict([('HOSTNAME', 'Leeeezy'), ('SHLVL', '1'), ('LD_LIBRARY_PATH', '/opt/ros/humble/opt/rviz_ogre_vendor/lib:/opt/ros/humble/lib/x86_64-linux-gnu:/opt/ros/humble/lib'), ('HOME', '/home/leeeezy'), ('OLDPWD', '/home/leeeezy/Workspace/GEEK-EGRET-FPV-SDK/Node/ORB_SLAM'), ('ROS_PYTHON_VERSION', '3'), ('LC_CTYPE', 'C.UTF-8'), ('ROS_DISTRO', 'humble'), ('_', '/usr/bin/colcon'), ('ROS_VERSION', '2'), ('TERM', 'xterm'), ('ROS_LOCALHOST_ONLY', '0'), ('QT_X11_NO_MITSHM', '1'), ('PATH', '/opt/ros/humble/bin:/usr/local/sbin:/usr/local/bin:/usr/sbin:/usr/bin:/sbin:/bin'), ('DISPLAY', ':1'), ('LS_COLORS', 'rs=0:di=01;34:ln=01;36:mh=00:pi=40;33:so=01;35:do=01;35:bd=40;33;01:cd=40;33;01:or=40;31;01:mi=00:su=37;41:sg=30;43:ca=30;41:tw=30;42:ow=34;42:st=37;44:ex=01;32:*.tar=01;31:*.tgz=01;31:*.arc=01;31:*.arj=01;31:*.taz=01;31:*.lha=01;31:*.lz4=01;31:*.lzh=01;31:*.lzma=01;31:*.tlz=01;31:*.txz=01;31:*.tzo=01;31:*.t7z=01;31:*.zip=01;31:*.z=01;31:*.dz=01;31:*.gz=01;31:*.lrz=01;31:*.lz=01;31:*.lzo=01;31:*.xz=01;31:*.zst=01;31:*.tzst=01;31:*.bz2=01;31:*.bz=01;31:*.tbz=01;31:*.tbz2=01;31:*.tz=01;31:*.deb=01;31:*.rpm=01;31:*.jar=01;31:*.war=01;31:*.ear=01;31:*.sar=01;31:*.rar=01;31:*.alz=01;31:*.ace=01;31:*.zoo=01;31:*.cpio=01;31:*.7z=01;31:*.rz=01;31:*.cab=01;31:*.wim=01;31:*.swm=01;31:*.dwm=01;31:*.esd=01;31:*.jpg=01;35:*.jpeg=01;35:*.mjpg=01;35:*.mjpeg=01;35:*.gif=01;35:*.bmp=01;35:*.pbm=01;35:*.pgm=01;35:*.ppm=01;35:*.tga=01;35:*.xbm=01;35:*.xpm=01;35:*.tif=01;35:*.tiff=01;35:*.png=01;35:*.svg=01;35:*.svgz=01;35:*.mng=01;35:*.pcx=01;35:*.mov=01;35:*.mpg=01;35:*.mpeg=01;35:*.m2v=01;35:*.mkv=01;35:*.webm=01;35:*.webp=01;35:*.ogm=01;35:*.mp4=01;35:*.m4v=01;35:*.mp4v=01;35:*.vob=01;35:*.qt=01;35:*.nuv=01;35:*.wmv=01;35:*.asf=01;35:*.rm=01;35:*.rmvb=01;35:*.flc=01;35:*.avi=01;35:*.fli=01;35:*.flv=01;35:*.gl=01;35:*.dl=01;35:*.xcf=01;35:*.xwd=01;35:*.yuv=01;35:*.cgm=01;35:*.emf=01;35:*.ogv=01;35:*.ogx=01;35:*.aac=00;36:*.au=00;36:*.flac=00;36:*.m4a=00;36:*.mid=00;36:*.midi=00;36:*.mka=00;36:*.mp3=00;36:*.mpc=00;36:*.ogg=00;36:*.ra=00;36:*.wav=00;36:*.oga=00;36:*.opus=00;36:*.spx=00;36:*.xspf=00;36:'), ('AMENT_PREFIX_PATH', '/opt/ros/humble'), ('DEBIAN_FRONTEND', 'noninteractive'), ('PWD', '/home/leeeezy/Workspace/GEEK-EGRET-FPV-SDK/Node/ORB_SLAM/ORB_SLAM_ROS2_WS/build/orbslam3'), ('PYTHONPATH', '/opt/ros/humble/lib/python3.10/site-packages:/opt/ros/humble/local/lib/python3.10/dist-packages'), ('COLCON', '1'), ('CMAKE_PREFIX_PATH', '/opt/ros/humble')]), 'shell': False}
[1.502339] (-) TimerEvent: {}
[1.555652] (orbslam3) StdoutLine: {'line': b'[ 50%] \x1b[32mBuilding CXX object CMakeFiles/orbslam3.dir/src/test.cpp.o\x1b[0m\n'}
[1.602489] (-) TimerEvent: {}
[1.702827] (-) TimerEvent: {}
[1.741607] (orbslam3) StderrLine: {'line': b'\x1b[01m\x1b[K/home/leeeezy/Workspace/GEEK-EGRET-FPV-SDK/Node/ORB_SLAM/ORB_SLAM_ROS2_WS/src/test.cpp:13:10:\x1b[m\x1b[K \x1b[01;31m\x1b[Kfatal error: \x1b[m\x1b[KSystem.h: No such file or directory\n'}
[1.741748] (orbslam3) StderrLine: {'line': b'   13 | #include \x1b[01;31m\x1b[K"System.h"\x1b[m\x1b[K\n'}
[1.741788] (orbslam3) StderrLine: {'line': b'      |          \x1b[01;31m\x1b[K^~~~~~~~~~\x1b[m\x1b[K\n'}
[1.741818] (orbslam3) StderrLine: {'line': b'compilation terminated.\n'}
[1.802945] (-) TimerEvent: {}
[1.843856] (orbslam3) StderrLine: {'line': b'gmake[2]: *** [CMakeFiles/orbslam3.dir/build.make:76: CMakeFiles/orbslam3.dir/src/test.cpp.o] Error 1\n'}
[1.844231] (orbslam3) StderrLine: {'line': b'gmake[1]: *** [CMakeFiles/Makefile2:137: CMakeFiles/orbslam3.dir/all] Error 2\n'}
[1.844545] (orbslam3) StderrLine: {'line': b'gmake: *** [Makefile:146: all] Error 2\n'}
[1.850582] (orbslam3) CommandEnded: {'returncode': 2}
[1.861133] (orbslam3) JobEnded: {'identifier': 'orbslam3', 'rc': 2}
[1.871838] (-) EventReactorShutdown: {}
