[0.008s] Invoking command in '/home/leeeezy/Workspace/GEEK-EGRET-FPV-SDK/Node/ORB_SLAM/ORB_SLAM_ROS2_WS/build/orbslam3': CMAKE_PREFIX_PATH=/opt/ros/humble /usr/bin/cmake --build /home/leeeezy/Workspace/GEEK-EGRET-FPV-SDK/Node/ORB_SLAM/ORB_SLAM_ROS2_WS/build/orbslam3 -- -j20 -l20
[0.031s] -- Found ament_cmake: 1.3.12 (/opt/ros/humble/share/ament_cmake/cmake)
[0.127s] -- Found rclcpp: 16.0.17 (/opt/ros/humble/share/rclcpp/cmake)
[0.146s] -- Found rosidl_generator_c: 3.1.8 (/opt/ros/humble/share/rosidl_generator_c/cmake)
[0.148s] -- Found rosidl_adapter: 3.1.8 (/opt/ros/humble/share/rosidl_adapter/cmake)
[0.152s] -- Found rosidl_generator_cpp: 3.1.8 (/opt/ros/humble/share/rosidl_generator_cpp/cmake)
[0.158s] -- Using all available rosidl_typesupport_c: rosidl_typesupport_fastrtps_c;rosidl_typesupport_introspection_c
[0.167s] -- Using all available rosidl_typesupport_cpp: rosidl_typesupport_fastrtps_cpp;rosidl_typesupport_introspection_cpp
[0.187s] -- Found rmw_implementation_cmake: 6.1.2 (/opt/ros/humble/share/rmw_implementation_cmake/cmake)
[0.188s] -- Found rmw_fastrtps_cpp: 6.2.9 (/opt/ros/humble/share/rmw_fastrtps_cpp/cmake)
[0.272s] -- Using RMW implementation 'rmw_fastrtps_cpp' as default
[0.307s] -- Found geometry_msgs: 4.9.0 (/opt/ros/humble/share/geometry_msgs/cmake)
[0.314s] -- Found sensor_msgs: 4.9.0 (/opt/ros/humble/share/sensor_msgs/cmake)
[0.330s] -- Found tf2_ros: 0.25.18 (/opt/ros/humble/share/tf2_ros/cmake)
[0.384s] -- Found cv_bridge: 3.2.1 (/opt/ros/humble/share/cv_bridge/cmake)
[0.386s] -- Found ament_lint_auto: 0.12.14 (/opt/ros/humble/share/ament_lint_auto/cmake)
[0.441s] -- Added test 'cppcheck' to perform static code analysis on C / C++ code
[0.442s] -- Configured cppcheck include dirs: /home/leeeezy/Workspace/GEEK-EGRET-FPV-SDK/Node/ORB_SLAM/ORB_SLAM_ROS2_WS/include
[0.442s] -- Configured cppcheck exclude dirs and/or files: 
[0.442s] -- Added test 'flake8' to check Python code syntax and style conventions
[0.444s] -- Added test 'lint_cmake' to check CMake code style
[0.445s] -- Added test 'pep257' to check Python code against some of the docstring style conventions in PEP 257
[0.449s] -- Added test 'uncrustify' to check C / C++ code style
[0.449s] -- Configured uncrustify additional arguments: 
[0.450s] -- Added test 'xmllint' to check XML markup files
[0.452s] -- Configuring done
[0.464s] -- Generating done
[0.536s] -- Build files have been written to: /home/leeeezy/Workspace/GEEK-EGRET-FPV-SDK/Node/ORB_SLAM/ORB_SLAM_ROS2_WS/build/orbslam3
[0.583s] [ 50%] [32mBuilding CXX object CMakeFiles/orbslam3.dir/src/test.cpp.o[0m
[0.776s] [01m[K/home/leeeezy/Workspace/GEEK-EGRET-FPV-SDK/Node/ORB_SLAM/ORB_SLAM_ROS2_WS/src/test.cpp:13:10:[m[K [01;31m[Kfatal error: [m[KSystem.h: No such file or directory
[0.776s]    13 | #include [01;31m[K"System.h"[m[K
[0.776s]       |          [01;31m[K^~~~~~~~~~[m[K
[0.776s] compilation terminated.
[0.878s] gmake[2]: *** [CMakeFiles/orbslam3.dir/build.make:76: CMakeFiles/orbslam3.dir/src/test.cpp.o] Error 1
[0.878s] gmake[1]: *** [CMakeFiles/Makefile2:137: CMakeFiles/orbslam3.dir/all] Error 2
[0.878s] gmake: *** [Makefile:146: all] Error 2
[0.880s] Invoked command in '/home/leeeezy/Workspace/GEEK-EGRET-FPV-SDK/Node/ORB_SLAM/ORB_SLAM_ROS2_WS/build/orbslam3' returned '2': CMAKE_PREFIX_PATH=/opt/ros/humble /usr/bin/cmake --build /home/leeeezy/Workspace/GEEK-EGRET-FPV-SDK/Node/ORB_SLAM/ORB_SLAM_ROS2_WS/build/orbslam3 -- -j20 -l20
